This is pdfTeX, Version 3.14159265-2.6-1.40.15 (TeX Live 2015/dev/Debian) (preloaded format=pdflatex 2015.12.31)  19 FEB 2016 15:42
entering extended mode
 restricted \write18 enabled.
 %&-line parsing enabled.
**ArborPFAPaper.tex
(./ArborPFAPaper.tex
LaTeX2e <2014/05/01>
Babel <3.9l> and hyphenation patterns for 79 languages loaded.
(./JINST.cls
Document Class: JINST 2006/07/11 v1.0.1 LaTeX document class - P.D.
(/usr/share/texlive/texmf-dist/tex/latex/amsfonts/amssymb.sty
Package: amssymb 2013/01/14 v3.01 AMS font symbols

(/usr/share/texlive/texmf-dist/tex/latex/amsfonts/amsfonts.sty
Package: amsfonts 2013/01/14 v3.01 Basic AMSFonts support
\@emptytoks=\toks14
\symAMSa=\mathgroup4
\symAMSb=\mathgroup5
LaTeX Font Info:    Overwriting math alphabet `\mathfrak' in version `bold'
(Font)                  U/euf/m/n --> U/euf/b/n on input line 106.
))
(/usr/share/texlive/texmf-dist/tex/latex/base/fontenc.sty
Package: fontenc 2005/09/27 v1.99g Standard LaTeX package

(/usr/share/texlive/texmf-dist/tex/latex/base/t1enc.def
File: t1enc.def 2005/09/27 v1.99g Standard LaTeX file
LaTeX Font Info:    Redeclaring font encoding T1 on input line 43.
))
(/usr/share/texlive/texmf-dist/tex/latex/psnfss/times.sty
Package: times 2005/04/12 PSNFSS-v9.2a (SPQR) 
)
(/usr/share/texlive/texmf-dist/tex/latex/psnfss/mathptmx.sty
Package: mathptmx 2005/04/12 PSNFSS-v9.2a Times w/ Math, improved (SPQR, WaS) 
LaTeX Font Info:    Redeclaring symbol font `operators' on input line 28.
LaTeX Font Info:    Overwriting symbol font `operators' in version `normal'
(Font)                  OT1/cmr/m/n --> OT1/ztmcm/m/n on input line 28.
LaTeX Font Info:    Overwriting symbol font `operators' in version `bold'
(Font)                  OT1/cmr/bx/n --> OT1/ztmcm/m/n on input line 28.
LaTeX Font Info:    Redeclaring symbol font `letters' on input line 29.
LaTeX Font Info:    Overwriting symbol font `letters' in version `normal'
(Font)                  OML/cmm/m/it --> OML/ztmcm/m/it on input line 29.
LaTeX Font Info:    Overwriting symbol font `letters' in version `bold'
(Font)                  OML/cmm/b/it --> OML/ztmcm/m/it on input line 29.
LaTeX Font Info:    Redeclaring symbol font `symbols' on input line 30.
LaTeX Font Info:    Overwriting symbol font `symbols' in version `normal'
(Font)                  OMS/cmsy/m/n --> OMS/ztmcm/m/n on input line 30.
LaTeX Font Info:    Overwriting symbol font `symbols' in version `bold'
(Font)                  OMS/cmsy/b/n --> OMS/ztmcm/m/n on input line 30.
LaTeX Font Info:    Redeclaring symbol font `largesymbols' on input line 31.
LaTeX Font Info:    Overwriting symbol font `largesymbols' in version `normal'
(Font)                  OMX/cmex/m/n --> OMX/ztmcm/m/n on input line 31.
LaTeX Font Info:    Overwriting symbol font `largesymbols' in version `bold'
(Font)                  OMX/cmex/m/n --> OMX/ztmcm/m/n on input line 31.
\symbold=\mathgroup6
\symitalic=\mathgroup7
LaTeX Font Info:    Redeclaring math alphabet \mathbf on input line 34.
LaTeX Font Info:    Overwriting math alphabet `\mathbf' in version `normal'
(Font)                  OT1/cmr/bx/n --> OT1/ptm/bx/n on input line 34.
LaTeX Font Info:    Overwriting math alphabet `\mathbf' in version `bold'
(Font)                  OT1/cmr/bx/n --> OT1/ptm/bx/n on input line 34.
LaTeX Font Info:    Redeclaring math alphabet \mathit on input line 35.
LaTeX Font Info:    Overwriting math alphabet `\mathit' in version `normal'
(Font)                  OT1/cmr/m/it --> OT1/ptm/m/it on input line 35.
LaTeX Font Info:    Overwriting math alphabet `\mathit' in version `bold'
(Font)                  OT1/cmr/bx/it --> OT1/ptm/m/it on input line 35.
LaTeX Info: Redefining \hbar on input line 50.
)
(/usr/share/texlive/texmf-dist/tex/latex/graphics/graphicx.sty
Package: graphicx 2014/04/25 v1.0g Enhanced LaTeX Graphics (DPC,SPQR)

(/usr/share/texlive/texmf-dist/tex/latex/graphics/keyval.sty
Package: keyval 2014/05/08 v1.15 key=value parser (DPC)
\KV@toks@=\toks15
)
(/usr/share/texlive/texmf-dist/tex/latex/graphics/graphics.sty
Package: graphics 2009/02/05 v1.0o Standard LaTeX Graphics (DPC,SPQR)

(/usr/share/texlive/texmf-dist/tex/latex/graphics/trig.sty
Package: trig 1999/03/16 v1.09 sin cos tan (DPC)
)
(/usr/share/texlive/texmf-dist/tex/latex/latexconfig/graphics.cfg
File: graphics.cfg 2010/04/23 v1.9 graphics configuration of TeX Live
)
Package graphics Info: Driver file: pdftex.def on input line 91.

(/usr/share/texlive/texmf-dist/tex/latex/pdftex-def/pdftex.def
File: pdftex.def 2011/05/27 v0.06d Graphics/color for pdfTeX

(/usr/share/texlive/texmf-dist/tex/generic/oberdiek/infwarerr.sty
Package: infwarerr 2010/04/08 v1.3 Providing info/warning/error messages (HO)
)
(/usr/share/texlive/texmf-dist/tex/generic/oberdiek/ltxcmds.sty
Package: ltxcmds 2011/11/09 v1.22 LaTeX kernel commands for general use (HO)
)
\Gread@gobject=\count79
))
\Gin@req@height=\dimen102
\Gin@req@width=\dimen103
)
\symforjmath=\mathgroup8

(/usr/share/texlive/texmf-dist/tex/latex/base/size11.clo
File: size11.clo 2014/09/29 v1.4h Standard LaTeX file (size option)
)
(/usr/share/texlive/texmf-dist/tex/generic/pdftex/pdfcolor.tex)
\@tempcntc=\count80
\titlesk@ja=\skip41
\titlesk@jb=\skip42
\titlesk@jc=\skip43
\c@part=\count81
\c@section=\count82
\c@subsection=\count83
\c@subsubsection=\count84
\c@paragraph=\count85
\c@subparagraph=\count86
\prev@t=\toks16
\cur@t=\toks17
\@firstaubox=\box26
\addr@skip=\skip44
\auth@skip=\skip45
\Jcopy@date=\box27
\Jspecial@url=\box28
\Jpaper@url=\box29
LaTeX Font Info:    Try loading font information for T1+pcr on input line 809.

(/usr/share/texlive/texmf-dist/tex/latex/psnfss/t1pcr.fd
File: t1pcr.fd 2001/06/04 font definitions for T1/pcr.
)
\c@figure=\count87
\c@table=\count88
\c@OptionTest=\count89
\@tmpbox=\box30
\figbox=\box31
\tabbox=\box32
\pagebox=\box33
\ffigcount=\count90
\ftabcount=\count91
\hangcount=\count92
\nosuccesstryfig=\count93
\nosuccesstrytab=\count94
\figgutter=\dimen104
\tabgutter=\dimen105
\fl@wd=\dimen106
\fl@ht=\dimen107
\htdone=\dimen108
\pageht=\dimen109
\startpageht=\dimen110
\floatfltwidth=\dimen111
\fltitemwidth=\dimen112
\outputpretest=\toks18
\abovecaptionskip=\skip46
\belowcaptionskip=\skip47
\bibindent=\dimen113


Class JINST Warning: ATTENTION!!! watermark disabled. Add it with pdftk (use co
mpilaJINSTpdflatex for instance).

)
\symAMSc=\mathgroup9
 (/usr/share/texlive/texmf-dist/tex/latex/caption/caption.sty
Package: caption 2013/05/02 v3.3-89 Customizing captions (AR)

(/usr/share/texlive/texmf-dist/tex/latex/caption/caption3.sty
Package: caption3 2013/05/02 v1.6-88 caption3 kernel (AR)
Package caption3 Info: TeX engine: e-TeX on input line 57.
\captionmargin=\dimen114
\captionmargin@=\dimen115
\captionwidth=\dimen116
\caption@tempdima=\dimen117
\caption@indent=\dimen118
\caption@parindent=\dimen119
\caption@hangindent=\dimen120
Package caption Info: Unknown document class (or package),
(caption)             standard defaults will be used.
)

Package caption Warning: Unsupported document class (or package) detected,
(caption)                usage of the caption package is not recommended.
See the caption package documentation for explanation.

Package caption Info: \@makecaption = \long macro:#1#2->\if@hyper {\edef \@pipp
o {the\@captype } \name {\@captype \expandafter \csname \@pippo \endcsname }}\f
i \vskip \abovecaptionskip {\let \label \@gobble \let \index \@gobble \let \glo
ssary \@gobble \sbox \@tempboxa {\small {\bfseries #1.} #2}\global \dimen 0\wd 
\@tempboxa }\ifdim \dimen 0 >\hsize \small {\bfseries #1.} #2\par \else \global
 \@minipagefalse \sbox \@tempboxa {\small {\bfseries #1.} #2}\hb@xt@ \hsize {\h
fil \box \@tempboxa \hfil }\fi \vskip \belowcaptionskip .
\c@ContinuedFloat=\count95
) (/usr/share/texlive/texmf-dist/tex/latex/amsmath/amsmath.sty
Package: amsmath 2013/01/14 v2.14 AMS math features
\@mathmargin=\skip48

For additional information on amsmath, use the `?' option.
(/usr/share/texlive/texmf-dist/tex/latex/amsmath/amstext.sty
Package: amstext 2000/06/29 v2.01

(/usr/share/texlive/texmf-dist/tex/latex/amsmath/amsgen.sty
File: amsgen.sty 1999/11/30 v2.0
\@emptytoks=\toks19
\ex@=\dimen121
))
(/usr/share/texlive/texmf-dist/tex/latex/amsmath/amsbsy.sty
Package: amsbsy 1999/11/29 v1.2d
\pmbraise@=\dimen122
)
(/usr/share/texlive/texmf-dist/tex/latex/amsmath/amsopn.sty
Package: amsopn 1999/12/14 v2.01 operator names
)
\inf@bad=\count96
LaTeX Info: Redefining \frac on input line 210.
\uproot@=\count97
\leftroot@=\count98
LaTeX Info: Redefining \overline on input line 306.
\classnum@=\count99
\DOTSCASE@=\count100
LaTeX Info: Redefining \ldots on input line 378.
LaTeX Info: Redefining \dots on input line 381.
LaTeX Info: Redefining \cdots on input line 466.
\Mathstrutbox@=\box34
\strutbox@=\box35
\big@size=\dimen123
LaTeX Font Info:    Redeclaring font encoding OML on input line 566.
LaTeX Font Info:    Redeclaring font encoding OMS on input line 567.
\macc@depth=\count101
\c@MaxMatrixCols=\count102
\dotsspace@=\muskip10
\c@parentequation=\count103
\dspbrk@lvl=\count104
\tag@help=\toks20
\row@=\count105
\column@=\count106
\maxfields@=\count107
\andhelp@=\toks21
\eqnshift@=\dimen124
\alignsep@=\dimen125
\tagshift@=\dimen126
\tagwidth@=\dimen127
\totwidth@=\dimen128
\lineht@=\dimen129
\@envbody=\toks22
\multlinegap=\skip49
\multlinetaggap=\skip50
\mathdisplay@stack=\toks23
LaTeX Info: Redefining \[ on input line 2665.
LaTeX Info: Redefining \] on input line 2666.
)
(/usr/share/texlive/texmf-dist/tex/latex/tools/afterpage.sty
Package: afterpage 2014/10/28 v1.08 After-Page Package (DPC)
\AP@output=\toks24
\AP@partial=\box36
\AP@footins=\box37
)
(/usr/share/texlive/texmf-dist/tex/latex/wrapfig/wrapfig.sty
\wrapoverhang=\dimen130
\WF@size=\dimen131
\c@WF@wrappedlines=\count108
\WF@box=\box38
\WF@everypar=\toks25
Package: wrapfig 2003/01/31  v 3.6
)
(/usr/share/texlive/texmf-dist/tex/latex/tools/tabularx.sty
Package: tabularx 2014/10/28 v2.10 `tabularx' package (DPC)

(/usr/share/texlive/texmf-dist/tex/latex/tools/array.sty
Package: array 2014/10/28 v2.4c Tabular extension package (FMi)
\col@sep=\dimen132
\extrarowheight=\dimen133
\NC@list=\toks26
\extratabsurround=\skip51
\backup@length=\skip52
)
\TX@col@width=\dimen134
\TX@old@table=\dimen135
\TX@old@col=\dimen136
\TX@target=\dimen137
\TX@delta=\dimen138
\TX@cols=\count109
\TX@ftn=\toks27
)
(/usr/share/texlive/texmf-dist/tex/latex/subfigure/subfigure.sty
Package: subfigure 2002/03/15 v2.1.5 subfigure package
\subfigtopskip=\skip53
\subfigcapskip=\skip54
\subfigcaptopadj=\dimen139
\subfigbottomskip=\skip55
\subfigcapmargin=\dimen140
\subfiglabelskip=\skip56
\c@subfigure=\count110
\c@lofdepth=\count111
\c@subtable=\count112
\c@lotdepth=\count113

****************************************
* Local config file subfigure.cfg used *
****************************************
(/usr/share/texlive/texmf-dist/tex/latex/subfigure/subfigure.cfg)
\subfig@top=\skip57
\subfig@bottom=\skip58
)
(/usr/share/texlive/texmf-dist/tex/latex/tabu/tabu.sty
Package: tabu 2011/02/26 v2.8 - flexible LaTeX tabulars (FC)

(/usr/share/texlive/texmf-dist/tex/latex/varwidth/varwidth.sty
Package: varwidth 2009/03/30 ver 0.92;  Variable-width minipages
\@vwid@box=\box39
\sift@deathcycles=\count114
\@vwid@loff=\dimen141
\@vwid@roff=\dimen142
)
\c@taburow=\count115
\tabu@nbcols=\count116
\tabu@cnt=\count117
\tabu@Xcol=\count118
\tabu@alloc=\count119
\tabu@nested=\count120
\tabu@target=\dimen143
\tabu@spreadtarget=\dimen144
\tabu@naturalX=\dimen145
\tabucolX=\dimen146
\tabu@Xsum=\dimen147
\extrarowdepth=\dimen148
\abovetabulinesep=\dimen149
\belowtabulinesep=\dimen150
\tabustrutrule=\dimen151
\tabu@thebody=\toks28
\tabu@footnotes=\toks29
\tabu@box=\box40
\tabu@arstrutbox=\box41
\tabu@hleads=\box42
\tabu@vleads=\box43
\tabu@cellskip=\skip59
)
(/usr/share/texlive/texmf-dist/tex/latex/booktabs/booktabs.sty
Package: booktabs 2005/04/14 v1.61803 publication quality tables
\heavyrulewidth=\dimen152
\lightrulewidth=\dimen153
\cmidrulewidth=\dimen154
\belowrulesep=\dimen155
\belowbottomsep=\dimen156
\aboverulesep=\dimen157
\abovetopsep=\dimen158
\cmidrulesep=\dimen159
\cmidrulekern=\dimen160
\defaultaddspace=\dimen161
\@cmidla=\count121
\@cmidlb=\count122
\@aboverulesep=\dimen162
\@belowrulesep=\dimen163
\@thisruleclass=\count123
\@lastruleclass=\count124
\@thisrulewidth=\dimen164
)
(/usr/share/texlive/texmf-dist/tex/latex/tools/multicol.sty
Package: multicol 2014/10/28 v1.8i multicolumn formatting (FMi)
\c@tracingmulticols=\count125
\mult@box=\box44
\multicol@leftmargin=\dimen165
\c@unbalance=\count126
\c@collectmore=\count127
\doublecol@number=\count128
\multicoltolerance=\count129
\multicolpretolerance=\count130
\full@width=\dimen166
\page@free=\dimen167
\premulticols=\dimen168
\postmulticols=\dimen169
\multicolsep=\skip60
\multicolbaselineskip=\skip61
\partial@page=\box45
\last@line=\box46
\maxbalancingoverflow=\dimen170
\mult@rightbox=\box47
\mult@grightbox=\box48
\mult@gfirstbox=\box49
\mult@firstbox=\box50
\@tempa=\box51
\@tempa=\box52
\@tempa=\box53
\@tempa=\box54
\@tempa=\box55
\@tempa=\box56
\@tempa=\box57
\@tempa=\box58
\@tempa=\box59
\@tempa=\box60
\@tempa=\box61
\@tempa=\box62
\@tempa=\box63
\@tempa=\box64
\@tempa=\box65
\@tempa=\box66
\@tempa=\box67
\c@columnbadness=\count131
\c@finalcolumnbadness=\count132
\last@try=\dimen171
\multicolovershoot=\dimen172
\multicolundershoot=\dimen173
\mult@nat@firstbox=\box68
\colbreak@box=\box69
\mc@col@check@num=\count133
) (./lineno.sty
Package: lineno 2005/11/02 line numbers on paragraphs v4.41
\linenopenalty=\count134
\output=\toks30
\linenoprevgraf=\count135
\linenumbersep=\dimen174
\linenumberwidth=\dimen175
\c@linenumber=\count136
\c@pagewiselinenumber=\count137
\c@LN@truepage=\count138
\c@internallinenumber=\count139
\c@internallinenumbers=\count140
\quotelinenumbersep=\dimen176
\bframerule=\dimen177
\bframesep=\dimen178
\bframebox=\box70
LaTeX Info: Redefining \\ on input line 3056.
)
(./ArborPFAPaper.aux)
\openout1 = `ArborPFAPaper.aux'.

LaTeX Font Info:    Checking defaults for OML/cmm/m/it on input line 41.
LaTeX Font Info:    ... okay on input line 41.
LaTeX Font Info:    Checking defaults for T1/cmr/m/n on input line 41.
LaTeX Font Info:    ... okay on input line 41.
LaTeX Font Info:    Checking defaults for OT1/cmr/m/n on input line 41.
LaTeX Font Info:    ... okay on input line 41.
LaTeX Font Info:    Checking defaults for OMS/cmsy/m/n on input line 41.
LaTeX Font Info:    ... okay on input line 41.
LaTeX Font Info:    Checking defaults for OMX/cmex/m/n on input line 41.
LaTeX Font Info:    ... okay on input line 41.
LaTeX Font Info:    Checking defaults for U/cmr/m/n on input line 41.
LaTeX Font Info:    ... okay on input line 41.
LaTeX Font Info:    Try loading font information for T1+ptm on input line 41.
 (/usr/share/texlive/texmf-dist/tex/latex/psnfss/t1ptm.fd
File: t1ptm.fd 2001/06/04 font definitions for T1/ptm.
) (/usr/share/texlive/texmf-dist/tex/context/base/supp-pdf.mkii
[Loading MPS to PDF converter (version 2006.09.02).]
\scratchcounter=\count141
\scratchdimen=\dimen179
\scratchbox=\box71
\nofMPsegments=\count142
\nofMParguments=\count143
\everyMPshowfont=\toks31
\MPscratchCnt=\count144
\MPscratchDim=\dimen180
\MPnumerator=\count145
\makeMPintoPDFobject=\count146
\everyMPtoPDFconversion=\toks32
) (/usr/share/texlive/texmf-dist/tex/generic/oberdiek/pdftexcmds.sty
Package: pdftexcmds 2011/11/29 v0.20 Utility functions of pdfTeX for LuaTeX (HO
)

(/usr/share/texlive/texmf-dist/tex/generic/oberdiek/ifluatex.sty
Package: ifluatex 2010/03/01 v1.3 Provides the ifluatex switch (HO)
Package ifluatex Info: LuaTeX not detected.
)
(/usr/share/texlive/texmf-dist/tex/generic/oberdiek/ifpdf.sty
Package: ifpdf 2011/01/30 v2.3 Provides the ifpdf switch (HO)
Package ifpdf Info: pdfTeX in PDF mode is detected.
)
Package pdftexcmds Info: LuaTeX not detected.
Package pdftexcmds Info: \pdf@primitive is available.
Package pdftexcmds Info: \pdf@ifprimitive is available.
Package pdftexcmds Info: \pdfdraftmode found.
)
(/usr/share/texlive/texmf-dist/tex/latex/oberdiek/epstopdf-base.sty
Package: epstopdf-base 2010/02/09 v2.5 Base part for package epstopdf

(/usr/share/texlive/texmf-dist/tex/latex/oberdiek/grfext.sty
Package: grfext 2010/08/19 v1.1 Manage graphics extensions (HO)

(/usr/share/texlive/texmf-dist/tex/generic/oberdiek/kvdefinekeys.sty
Package: kvdefinekeys 2011/04/07 v1.3 Define keys (HO)
))
(/usr/share/texlive/texmf-dist/tex/latex/oberdiek/kvoptions.sty
Package: kvoptions 2011/06/30 v3.11 Key value format for package options (HO)

(/usr/share/texlive/texmf-dist/tex/generic/oberdiek/kvsetkeys.sty
Package: kvsetkeys 2012/04/25 v1.16 Key value parser (HO)

(/usr/share/texlive/texmf-dist/tex/generic/oberdiek/etexcmds.sty
Package: etexcmds 2011/02/16 v1.5 Avoid name clashes with e-TeX commands (HO)
Package etexcmds Info: Could not find \expanded.
(etexcmds)             That can mean that you are not using pdfTeX 1.50 or
(etexcmds)             that some package has redefined \expanded.
(etexcmds)             In the latter case, load this package earlier.
)))
Package grfext Info: Graphics extension search list:
(grfext)             [.pdf,.jpg,.jpeg,.eps]
(grfext)             \AppendGraphicsExtensions on input line 452.

(/usr/share/texlive/texmf-dist/tex/latex/latexconfig/epstopdf-sys.cfg
File: epstopdf-sys.cfg 2010/07/13 v1.3 Configuration of (r)epstopdf for TeX Liv
e
))
LaTeX Font Info:    Try loading font information for OT1+ztmcm on input line 41
.

(/usr/share/texlive/texmf-dist/tex/latex/psnfss/ot1ztmcm.fd
File: ot1ztmcm.fd 2000/01/03 Fontinst v1.801 font definitions for OT1/ztmcm.
)
LaTeX Font Info:    Try loading font information for OML+ztmcm on input line 41
.

(/usr/share/texlive/texmf-dist/tex/latex/psnfss/omlztmcm.fd
File: omlztmcm.fd 2000/01/03 Fontinst v1.801 font definitions for OML/ztmcm.
)
LaTeX Font Info:    Try loading font information for OMS+ztmcm on input line 41
.

(/usr/share/texlive/texmf-dist/tex/latex/psnfss/omsztmcm.fd
File: omsztmcm.fd 2000/01/03 Fontinst v1.801 font definitions for OMS/ztmcm.
)
LaTeX Font Info:    Try loading font information for OMX+ztmcm on input line 41
.

(/usr/share/texlive/texmf-dist/tex/latex/psnfss/omxztmcm.fd
File: omxztmcm.fd 2000/01/03 Fontinst v1.801 font definitions for OMX/ztmcm.
)
LaTeX Font Info:    Try loading font information for OT1+ptm on input line 41.

(/usr/share/texlive/texmf-dist/tex/latex/psnfss/ot1ptm.fd
File: ot1ptm.fd 2001/06/04 font definitions for OT1/ptm.
)
LaTeX Font Info:    Font shape `OT1/ptm/bx/n' in size <10.95> not available
(Font)              Font shape `OT1/ptm/b/n' tried instead on input line 41.
LaTeX Font Info:    Font shape `OT1/ptm/bx/n' in size <8> not available
(Font)              Font shape `OT1/ptm/b/n' tried instead on input line 41.
LaTeX Font Info:    Font shape `OT1/ptm/bx/n' in size <6> not available
(Font)              Font shape `OT1/ptm/b/n' tried instead on input line 41.
LaTeX Font Info:    Try loading font information for T1+phv on input line 41.

(/usr/share/texlive/texmf-dist/tex/latex/psnfss/t1phv.fd
File: t1phv.fd 2001/06/04 scalable font definitions for T1/phv.
)
LaTeX Font Info:    Font shape `T1/phv/bx/n' in size <17.28> not available
(Font)              Font shape `T1/phv/b/n' tried instead on input line 41.
LaTeX Font Info:    Font shape `T1/ptm/bx/n' in size <10.95> not available
(Font)              Font shape `T1/ptm/b/n' tried instead on input line 41.
LaTeX Font Info:    Font shape `T1/phv/bx/n' in size <10.95> not available
(Font)              Font shape `T1/phv/b/n' tried instead on input line 41.
 [0

{/var/lib/texmf/fonts/map/pdftex/updmap/pdftex.map}]
LaTeX Font Info:    Font shape `T1/ptm/bx/n' in size <12> not available
(Font)              Font shape `T1/ptm/b/n' tried instead on input line 41.
 (./ArborPFAPaper.toc)
\tf@toc=\write3
\openout3 = `ArborPFAPaper.toc'.

Package caption Info: Begin \AtBeginDocument code.
Package caption Info: subfigure package is loaded.
Package caption Info: wrapfig package is loaded.
Package caption Info: End \AtBeginDocument code.
 [1]
Overfull \hbox (2.40167pt too wide) in paragraph at lines 54--55
\T1/ptm/m/n/10.95 verse and lon-gi-tu-di-nal seg-men-ta-tion should be pro-vide
d by the \T1/ptm/m/it/10.95 elec-tro-mag-netic calorime-ter \T1/ptm/m/n/10.95 (
ECAL)
 []

[2] [3] <figs/ProtonDecay.png, id=107, 511.9125pt x 369.63094pt>
File: figs/ProtonDecay.png Graphic file (type png)

<use figs/ProtonDecay.png>
Package pdftex.def Info: figs/ProtonDecay.png used on input line 141.
(pdftex.def)             Requested size: 193.59155pt x 139.7844pt.

<figs/ArborSchema.png, id=108, 455.45157pt x 369.63094pt>
File: figs/ArborSchema.png Graphic file (type png)

<use figs/ArborSchema.png>
Package pdftex.def Info: figs/ArborSchema.png used on input line 142.
(pdftex.def)             Requested size: 193.59155pt x 157.11644pt.
LaTeX Font Info:    Try loading font information for OMS+ptm on input line 156.


(/usr/share/texlive/texmf-dist/tex/latex/psnfss/omsptm.fd
File: omsptm.fd 
)
LaTeX Font Info:    Font shape `OMS/ptm/m/n' in size <10.95> not available
(Font)              Font shape `OMS/cmsy/m/n' tried instead on input line 156.
LaTeX Font Info:    Font shape `OT1/ptm/bx/n' in size <9> not available
(Font)              Font shape `OT1/ptm/b/n' tried instead on input line 159.
LaTeX Font Info:    Font shape `OT1/ptm/bx/n' in size <7> not available
(Font)              Font shape `OT1/ptm/b/n' tried instead on input line 159.
LaTeX Font Info:    Font shape `OT1/ptm/bx/n' in size <5> not available
(Font)              Font shape `OT1/ptm/b/n' tried instead on input line 159.
 [4 <./figs/ProtonDecay.png> <./figs/ArborSchema.png>] [5]
<figs/SingleParticleSetup.pdf, id=126, 1021.8175pt x 794.97pt>
File: figs/SingleParticleSetup.pdf Graphic file (type pdf)

<use figs/SingleParticleSetup.pdf>
Package pdftex.def Info: figs/SingleParticleSetup.pdf used on input line 195.
(pdftex.def)             Requested size: 193.59155pt x 150.60918pt.

Underfull \hbox (badness 1509) in paragraph at lines 201--203
\T1/ptm/m/n/10.95 the SD-HCAL sim-u-la-tion, sim-u-lated with the
 []


<plots/SingleParticle/MC_DATA_COMP/Single_MC_DATA_COMP_NPfos_20GeV.pdf, id=130,
 569.12625pt x 508.90125pt>
File: plots/SingleParticle/MC_DATA_COMP/Single_MC_DATA_COMP_NPfos_20GeV.pdf Gra
phic file (type pdf)

<use plots/SingleParticle/MC_DATA_COMP/Single_MC_DATA_COMP_NPfos_20GeV.pdf>
Package pdftex.def Info: plots/SingleParticle/MC_DATA_COMP/Single_MC_DATA_COMP_
NPfos_20GeV.pdf used on input line 216.
(pdftex.def)             Requested size: 206.49722pt x 184.64864pt.

<plots/SingleParticle/MC_DATA_COMP/Single_MC_DATA_COMP_NPfos_70GeV.pdf, id=131,
 569.12625pt x 508.90125pt>
File: plots/SingleParticle/MC_DATA_COMP/Single_MC_DATA_COMP_NPfos_70GeV.pdf Gra
phic file (type pdf)

<use plots/SingleParticle/MC_DATA_COMP/Single_MC_DATA_COMP_NPfos_70GeV.pdf>
Package pdftex.def Info: plots/SingleParticle/MC_DATA_COMP/Single_MC_DATA_COMP_
NPfos_70GeV.pdf used on input line 217.
(pdftex.def)             Requested size: 206.49722pt x 184.64864pt.


LaTeX Warning: `!h' float specifier changed to `!ht'.


<plots/SingleParticle/MC_DATA_COMP/Single_MC_DATA_COMP_Efficiency.pdf, id=132, 
569.12625pt x 508.90125pt>
File: plots/SingleParticle/MC_DATA_COMP/Single_MC_DATA_COMP_Efficiency.pdf Grap
hic file (type pdf)

<use plots/SingleParticle/MC_DATA_COMP/Single_MC_DATA_COMP_Efficiency.pdf>
Package pdftex.def Info: plots/SingleParticle/MC_DATA_COMP/Single_MC_DATA_COMP_
Efficiency.pdf used on input line 224.
(pdftex.def)             Requested size: 206.49722pt x 184.64864pt.

<plots/SingleParticle/MC_DATA_COMP/Single_MC_DATA_COMP_NPfos.pdf, id=133, 569.1
2625pt x 508.90125pt>
File: plots/SingleParticle/MC_DATA_COMP/Single_MC_DATA_COMP_NPfos.pdf Graphic f
ile (type pdf)

<use plots/SingleParticle/MC_DATA_COMP/Single_MC_DATA_COMP_NPfos.pdf>
Package pdftex.def Info: plots/SingleParticle/MC_DATA_COMP/Single_MC_DATA_COMP_
NPfos.pdf used on input line 225.
(pdftex.def)             Requested size: 206.49722pt x 184.64864pt.


LaTeX Warning: `!h' float specifier changed to `!ht'.

[6 <./figs/SingleParticleSetup.pdf>]
<plots/SingleParticle/DATA_ONLY/Single_DATA_ONLY_ERec.pdf, id=146, 569.12625pt 
x 627.34375pt>
File: plots/SingleParticle/DATA_ONLY/Single_DATA_ONLY_ERec.pdf Graphic file (ty
pe pdf)
 <use plots/SingleParticle/DATA_ONLY/Single_DATA_ONLY_ERec.pdf>
Package pdftex.def Info: plots/SingleParticle/DATA_ONLY/Single_DATA_ONLY_ERec.p
df used on input line 235.
(pdftex.def)             Requested size: 206.49722pt x 227.62405pt.

<plots/SingleParticle/MC_ONLY/Single_MC_ONLY_ERec.pdf, id=147, 569.12625pt x 62
7.34375pt>
File: plots/SingleParticle/MC_ONLY/Single_MC_ONLY_ERec.pdf Graphic file (type p
df)
 <use plots/SingleParticle/MC_ONLY/Single_MC_ONLY_ERec.pdf>
Package pdftex.def Info: plots/SingleParticle/MC_ONLY/Single_MC_ONLY_ERec.pdf u
sed on input line 236.
(pdftex.def)             Requested size: 206.49722pt x 227.62405pt.


LaTeX Warning: `!h' float specifier changed to `!ht'.


<plots/SingleParticle/DATA_ONLY/Single_DATA_ONLY_EResol.pdf, id=148, 569.12625p
t x 508.90125pt>
File: plots/SingleParticle/DATA_ONLY/Single_DATA_ONLY_EResol.pdf Graphic file (
type pdf)

<use plots/SingleParticle/DATA_ONLY/Single_DATA_ONLY_EResol.pdf>
Package pdftex.def Info: plots/SingleParticle/DATA_ONLY/Single_DATA_ONLY_EResol
.pdf used on input line 244.
(pdftex.def)             Requested size: 206.49722pt x 184.64864pt.

<plots/SingleParticle/MC_ONLY/Single_MC_ONLY_EResol.pdf, id=149, 569.12625pt x 
508.90125pt>
File: plots/SingleParticle/MC_ONLY/Single_MC_ONLY_EResol.pdf Graphic file (type
 pdf)
 <use plots/SingleParticle/MC_ONLY/Single_MC_ONLY_EResol.pdf>
Package pdftex.def Info: plots/SingleParticle/MC_ONLY/Single_MC_ONLY_EResol.pdf
 used on input line 245.
(pdftex.def)             Requested size: 206.49722pt x 184.64864pt.


LaTeX Warning: `!h' float specifier changed to `!ht'.


<plots/SingleParticle/MC_DATA_COMP/Single_MC_DATA_COMP_ERec.pdf, id=150, 569.12
625pt x 627.34375pt>
File: plots/SingleParticle/MC_DATA_COMP/Single_MC_DATA_COMP_ERec.pdf Graphic fi
le (type pdf)

<use plots/SingleParticle/MC_DATA_COMP/Single_MC_DATA_COMP_ERec.pdf>
Package pdftex.def Info: plots/SingleParticle/MC_DATA_COMP/Single_MC_DATA_COMP_
ERec.pdf used on input line 253.
(pdftex.def)             Requested size: 206.49722pt x 227.62405pt.

<plots/SingleParticle/MC_DATA_COMP/Single_MC_DATA_COMP_EResol.pdf, id=151, 569.
12625pt x 508.90125pt>
File: plots/SingleParticle/MC_DATA_COMP/Single_MC_DATA_COMP_EResol.pdf Graphic 
file (type pdf)

<use plots/SingleParticle/MC_DATA_COMP/Single_MC_DATA_COMP_EResol.pdf>
Package pdftex.def Info: plots/SingleParticle/MC_DATA_COMP/Single_MC_DATA_COMP_
EResol.pdf used on input line 254.
(pdftex.def)             Requested size: 206.49722pt x 184.64864pt.


LaTeX Warning: `!h' float specifier changed to `!ht'.

[7 <./plots/SingleParticle/MC_DATA_COMP/Single_MC_DATA_COMP_NPfos_20GeV.pdf, pa
ge is rotated 90 degrees> <./plots/SingleParticle/MC_DATA_COMP/Single_MC_DATA_C
OMP_NPfos_70GeV.pdf, page is rotated 90 degrees> <./plots/SingleParticle/MC_DAT
A_COMP/Single_MC_DATA_COMP_Efficiency.pdf, page is rotated 90 degrees> <./plots
/SingleParticle/MC_DATA_COMP/Single_MC_DATA_COMP_NPfos.pdf, page is rotated 90 
degrees>] [8 <./plots/SingleParticle/DATA_ONLY/Single_DATA_ONLY_ERec.pdf> <./pl
ots/SingleParticle/MC_ONLY/Single_MC_ONLY_ERec.pdf> <./plots/SingleParticle/DAT
A_ONLY/Single_DATA_ONLY_EResol.pdf, page is rotated 90 degrees> <./plots/Single
Particle/MC_ONLY/Single_MC_ONLY_EResol.pdf, page is rotated 90 degrees>]
[9 <./plots/SingleParticle/MC_DATA_COMP/Single_MC_DATA_COMP_ERec.pdf> <./plots/
SingleParticle/MC_DATA_COMP/Single_MC_DATA_COMP_EResol.pdf, page is rotated 90 
degrees>] <plots/SingleParticle_10GeV.pdf, id=604, 569.12625pt x 387.4475pt>
File: plots/SingleParticle_10GeV.pdf Graphic file (type pdf)

<use plots/SingleParticle_10GeV.pdf>
Package pdftex.def Info: plots/SingleParticle_10GeV.pdf used on input line 286.

(pdftex.def)             Requested size: 206.49722pt x 140.58061pt.

<plots/OverlayEvent_OverlayCompare.pdf, id=605, 569.12625pt x 387.4475pt>
File: plots/OverlayEvent_OverlayCompare.pdf Graphic file (type pdf)

<use plots/OverlayEvent_OverlayCompare.pdf>
Package pdftex.def Info: plots/OverlayEvent_OverlayCompare.pdf used on input li
ne 287.
(pdftex.def)             Requested size: 206.49722pt x 140.58061pt.
 [10 <./plots/SingleParticle_10GeV.pdf, page is rotated 90 degrees> <./plots/Ov
erlayEvent_OverlayCompare.pdf, page is rotated 90 degrees>]
<figs/ArborPFA_PandoraMonitoring_SDHCAL_Overlay_XY.pdf, id=701, 1108.14pt x 591
.20876pt>
File: figs/ArborPFA_PandoraMonitoring_SDHCAL_Overlay_XY.pdf Graphic file (type 
pdf)
 <use figs/ArborPFA_PandoraMonitoring_SDHCAL_Overlay_XY.pdf>
Package pdftex.def Info: figs/ArborPFA_PandoraMonitoring_SDHCAL_Overlay_XY.pdf 
used on input line 308.
(pdftex.def)             Requested size: 137.66919pt x 73.44083pt.

<figs/ArborPFA_PandoraMonitoring_SDHCAL_Overlay_XZ.pdf, id=702, 1108.14pt x 591
.20876pt>
File: figs/ArborPFA_PandoraMonitoring_SDHCAL_Overlay_XZ.pdf Graphic file (type 
pdf)
 <use figs/ArborPFA_PandoraMonitoring_SDHCAL_Overlay_XZ.pdf>
Package pdftex.def Info: figs/ArborPFA_PandoraMonitoring_SDHCAL_Overlay_XZ.pdf 
used on input line 309.
(pdftex.def)             Requested size: 137.66919pt x 73.44083pt.

<figs/ArborPFA_PandoraMonitoring_SDHCAL_Overlay_YZ.pdf, id=703, 1108.14pt x 591
.20876pt>
File: figs/ArborPFA_PandoraMonitoring_SDHCAL_Overlay_YZ.pdf Graphic file (type 
pdf)
 <use figs/ArborPFA_PandoraMonitoring_SDHCAL_Overlay_YZ.pdf>
Package pdftex.def Info: figs/ArborPFA_PandoraMonitoring_SDHCAL_Overlay_YZ.pdf 
used on input line 310.
(pdftex.def)             Requested size: 137.66919pt x 73.44083pt.

<plots/OverlayEvent_NPfos.pdf, id=704, 569.12625pt x 509.905pt>
File: plots/OverlayEvent_NPfos.pdf Graphic file (type pdf)

<use plots/OverlayEvent_NPfos.pdf>
Package pdftex.def Info: plots/OverlayEvent_NPfos.pdf used on input line 321.
(pdftex.def)             Requested size: 258.12645pt x 231.27576pt.


LaTeX Warning: `!h' float specifier changed to `!ht'.

<plots/OverlayEvent_NeutralEfficiency.pdf, id=706, 569.12625pt x 509.905pt>
File: plots/OverlayEvent_NeutralEfficiency.pdf Graphic file (type pdf)

<use plots/OverlayEvent_NeutralEfficiency.pdf>
Package pdftex.def Info: plots/OverlayEvent_NeutralEfficiency.pdf used on input
 line 331.
(pdftex.def)             Requested size: 202.19753pt x 181.16147pt.

<plots/OverlayEvent_NeutralPurity.pdf, id=707, 569.12625pt x 509.905pt>
File: plots/OverlayEvent_NeutralPurity.pdf Graphic file (type pdf)

<use plots/OverlayEvent_NeutralPurity.pdf>
Package pdftex.def Info: plots/OverlayEvent_NeutralPurity.pdf used on input lin
e 332.
(pdftex.def)             Requested size: 202.19753pt x 181.16147pt.


LaTeX Warning: `!h' float specifier changed to `!ht'.

[11 <./figs/ArborPFA_PandoraMonitoring_SDHCAL_Overlay_XY.pdf> <./figs/ArborPFA_
PandoraMonitoring_SDHCAL_Overlay_XZ.pdf> <./figs/ArborPFA_PandoraMonitoring_SDH
CAL_Overlay_YZ.pdf>]
Underfull \vbox (badness 1231) has occurred while \output is active []

 [12 <./plots/OverlayEvent_NPfos.pdf, page is rotated 90 degrees> <./plots/Over
layEvent_NeutralEfficiency.pdf, page is rotated 90 degrees> <./plots/OverlayEve
nt_NeutralPurity.pdf, page is rotated 90 degrees>]
<plots/OverlayEvent_NeutralPercentage.pdf, id=863, 569.12625pt x 509.905pt>
File: plots/OverlayEvent_NeutralPercentage.pdf Graphic file (type pdf)

<use plots/OverlayEvent_NeutralPercentage.pdf>
Package pdftex.def Info: plots/OverlayEvent_NeutralPercentage.pdf used on input
 line 355.
(pdftex.def)             Requested size: 202.19753pt x 181.16147pt.

<plots/OverlayEvent_NeutralEnergyDifferenceMeanNeutralEfficient.pdf, id=864, 56
9.12625pt x 509.905pt>
File: plots/OverlayEvent_NeutralEnergyDifferenceMeanNeutralEfficient.pdf Graphi
c file (type pdf)

<use plots/OverlayEvent_NeutralEnergyDifferenceMeanNeutralEfficient.pdf>
Package pdftex.def Info: plots/OverlayEvent_NeutralEnergyDifferenceMeanNeutralE
fficient.pdf used on input line 356.
(pdftex.def)             Requested size: 202.19753pt x 181.16147pt.

[13 <./plots/OverlayEvent_NeutralPercentage.pdf, page is rotated 90 degrees> <.
/plots/OverlayEvent_NeutralEnergyDifferenceMeanNeutralEfficient.pdf, page is ro
tated 90 degrees>] [14]
LaTeX Font Info:    Font shape `T1/pcr/bx/n' in size <10> not available
(Font)              Font shape `T1/pcr/b/n' tried instead on input line 396.
 [15] (./ArborPFAPaper.aux) ) 
Here is how much of TeX's memory you used:
 6010 strings out of 493105
 87325 string characters out of 6137071
 156294 words of memory out of 5000000
 9234 multiletter control sequences out of 15000+600000
 87682 words of font info for 138 fonts, out of 8000000 for 9000
 1141 hyphenation exceptions out of 8191
 38i,11n,38p,1314b,445s stack positions out of 5000i,500n,10000p,200000b,80000s
{/usr/share/texlive/texmf-dist/fonts/enc/dvips/bas
e/8r.enc}</usr/share/texlive/texmf-dist/fonts/type1/public/amsfonts/cm/cmex10.p
fb></usr/share/texlive/texmf-dist/fonts/type1/public/amsfonts/cm/cmmi10.pfb></u
sr/share/texlive/texmf-dist/fonts/type1/public/amsfonts/cm/cmr10.pfb></usr/shar
e/texlive/texmf-dist/fonts/type1/public/amsfonts/cm/cmsy10.pfb></usr/share/texl
ive/texmf-dist/fonts/type1/urw/courier/ucrb8a.pfb></usr/share/texlive/texmf-dis
t/fonts/type1/urw/courier/ucrr8a.pfb></usr/share/texlive/texmf-dist/fonts/type1
/urw/helvetic/uhvb8a.pfb></usr/share/texlive/texmf-dist/fonts/type1/urw/helveti
c/uhvr8a.pfb></usr/share/texlive/texmf-dist/fonts/type1/urw/symbol/usyr.pfb></u
sr/share/texlive/texmf-dist/fonts/type1/urw/symbol/usyr.pfb></usr/share/texlive
/texmf-dist/fonts/type1/urw/times/utmb8a.pfb></usr/share/texlive/texmf-dist/fon
ts/type1/urw/times/utmr8a.pfb></usr/share/texlive/texmf-dist/fonts/type1/urw/ti
mes/utmri8a.pfb>
Output written on ArborPFAPaper.pdf (16 pages, 700663 bytes).
PDF statistics:
 1042 PDF objects out of 1200 (max. 8388607)
 550 compressed objects within 6 object streams
 60 named destinations out of 1000 (max. 500000)
 116 words of extra memory for PDF output out of 10000 (max. 10000000)

