This is pdfTeX, Version 3.1415926-1.40.10 (TeX Live 2009/Debian) (format=pdflatex 2012.9.12)  1 NOV 2015 11:52
entering extended mode
 %&-line parsing enabled.
**ArborPFACAN.tex
(./ArborPFACAN.tex
LaTeX2e <2009/09/24>
Babel <v3.8l> and hyphenation patterns for english, usenglishmax, dumylang, noh
yphenation, loaded.
(/usr/share/texmf-texlive/tex/latex/base/article.cls
Document Class: article 2007/10/19 v1.4h Standard LaTeX document class
(/usr/share/texmf-texlive/tex/latex/base/size12.clo
File: size12.clo 2007/10/19 v1.4h Standard LaTeX file (size option)
)
\c@part=\count79
\c@section=\count80
\c@subsection=\count81
\c@subsubsection=\count82
\c@paragraph=\count83
\c@subparagraph=\count84
\c@figure=\count85
\c@table=\count86
\abovecaptionskip=\skip41
\belowcaptionskip=\skip42
\bibindent=\dimen102
)
(/usr/share/texmf-texlive/tex/latex/caption/caption.sty
Package: caption 2009/10/09 v3.1k Customizing captions (AR)

(/usr/share/texmf-texlive/tex/latex/caption/caption3.sty
Package: caption3 2009/10/09 v3.1k caption3 kernel (AR)

(/usr/share/texmf-texlive/tex/latex/graphics/keyval.sty
Package: keyval 1999/03/16 v1.13 key=value parser (DPC)
\KV@toks@=\toks14
)
\captionmargin=\dimen103
\captionmargin@=\dimen104
\captionwidth=\dimen105
\caption@indent=\dimen106
\caption@parindent=\dimen107
\caption@hangindent=\dimen108
)
\c@ContinuedFloat=\count87
)
(/usr/share/texmf-texlive/tex/latex/graphics/graphicx.sty
Package: graphicx 1999/02/16 v1.0f Enhanced LaTeX Graphics (DPC,SPQR)

(/usr/share/texmf-texlive/tex/latex/graphics/graphics.sty
Package: graphics 2009/02/05 v1.0o Standard LaTeX Graphics (DPC,SPQR)

(/usr/share/texmf-texlive/tex/latex/graphics/trig.sty
Package: trig 1999/03/16 v1.09 sin cos tan (DPC)
)
(/etc/texmf/tex/latex/config/graphics.cfg
File: graphics.cfg 2009/08/28 v1.8 graphics configuration of TeX Live
)
Package graphics Info: Driver file: pdftex.def on input line 91.

(/usr/share/texmf-texlive/tex/latex/pdftex-def/pdftex.def
File: pdftex.def 2010/03/12 v0.04p Graphics/color for pdfTeX
\Gread@gobject=\count88
))
\Gin@req@height=\dimen109
\Gin@req@width=\dimen110
)
(/usr/share/texmf-texlive/tex/latex/amsmath/amsmath.sty
Package: amsmath 2000/07/18 v2.13 AMS math features
\@mathmargin=\skip43

For additional information on amsmath, use the `?' option.
(/usr/share/texmf-texlive/tex/latex/amsmath/amstext.sty
Package: amstext 2000/06/29 v2.01

(/usr/share/texmf-texlive/tex/latex/amsmath/amsgen.sty
File: amsgen.sty 1999/11/30 v2.0
\@emptytoks=\toks15
\ex@=\dimen111
))
(/usr/share/texmf-texlive/tex/latex/amsmath/amsbsy.sty
Package: amsbsy 1999/11/29 v1.2d
\pmbraise@=\dimen112
)
(/usr/share/texmf-texlive/tex/latex/amsmath/amsopn.sty
Package: amsopn 1999/12/14 v2.01 operator names
)
\inf@bad=\count89
LaTeX Info: Redefining \frac on input line 211.
\uproot@=\count90
\leftroot@=\count91
LaTeX Info: Redefining \overline on input line 307.
\classnum@=\count92
\DOTSCASE@=\count93
LaTeX Info: Redefining \ldots on input line 379.
LaTeX Info: Redefining \dots on input line 382.
LaTeX Info: Redefining \cdots on input line 467.
\Mathstrutbox@=\box26
\strutbox@=\box27
\big@size=\dimen113
LaTeX Font Info:    Redeclaring font encoding OML on input line 567.
LaTeX Font Info:    Redeclaring font encoding OMS on input line 568.
\macc@depth=\count94
\c@MaxMatrixCols=\count95
\dotsspace@=\muskip10
\c@parentequation=\count96
\dspbrk@lvl=\count97
\tag@help=\toks16
\row@=\count98
\column@=\count99
\maxfields@=\count100
\andhelp@=\toks17
\eqnshift@=\dimen114
\alignsep@=\dimen115
\tagshift@=\dimen116
\tagwidth@=\dimen117
\totwidth@=\dimen118
\lineht@=\dimen119
\@envbody=\toks18
\multlinegap=\skip44
\multlinetaggap=\skip45
\mathdisplay@stack=\toks19
LaTeX Info: Redefining \[ on input line 2666.
LaTeX Info: Redefining \] on input line 2667.
)
(/usr/share/texmf-texlive/tex/latex/tools/afterpage.sty
Package: afterpage 1995/10/27 v1.08 After-Page Package (DPC)
\AP@output=\toks20
\AP@partial=\box28
\AP@footins=\box29
)
(/usr/share/texmf-texlive/tex/latex/wrapfig/wrapfig.sty
\wrapoverhang=\dimen120
\WF@size=\dimen121
\c@WF@wrappedlines=\count101
\WF@box=\box30
\WF@everypar=\toks21
Package: wrapfig 2003/01/31  v 3.6
)
(/usr/share/texmf-texlive/tex/latex/tools/tabularx.sty
Package: tabularx 1999/01/07 v2.07 `tabularx' package (DPC)

(/usr/share/texmf-texlive/tex/latex/tools/array.sty
Package: array 2008/09/09 v2.4c Tabular extension package (FMi)
\col@sep=\dimen122
\extrarowheight=\dimen123
\NC@list=\toks22
\extratabsurround=\skip46
\backup@length=\skip47
)
\TX@col@width=\dimen124
\TX@old@table=\dimen125
\TX@old@col=\dimen126
\TX@target=\dimen127
\TX@delta=\dimen128
\TX@cols=\count102
\TX@ftn=\toks23
)
(/usr/share/texmf-texlive/tex/latex/subfigure/subfigure.sty
Package: subfigure 2002/03/15 v2.1.5 subfigure package
\subfigtopskip=\skip48
\subfigcapskip=\skip49
\subfigcaptopadj=\dimen129
\subfigbottomskip=\skip50
\subfigcapmargin=\dimen130
\subfiglabelskip=\skip51
\c@subfigure=\count103
\c@lofdepth=\count104
\c@subtable=\count105
\c@lotdepth=\count106

****************************************
* Local config file subfigure.cfg used *
****************************************
(/usr/share/texmf-texlive/tex/latex/subfigure/subfigure.cfg)
\subfig@top=\skip52
\subfig@bottom=\skip53
)
(/home/remi/texmf/tex/latex/tabu/tabu.sty
Package: tabu 2011/02/26 v2.8 - flexible LaTeX tabulars (FC)

(/usr/share/texmf-texlive/tex/latex/varwidth/varwidth.sty
Package: varwidth 2009/03/30 ver 0.92;  Variable-width minipages
\@vwid@box=\box31
\sift@deathcycles=\count107
\@vwid@loff=\dimen131
\@vwid@roff=\dimen132
)
\c@taburow=\count108
\tabu@nbcols=\count109
\tabu@cnt=\count110
\tabu@Xcol=\count111
\tabu@alloc=\count112
\tabu@nested=\count113
\tabu@target=\dimen133
\tabu@spreadtarget=\dimen134
\tabu@naturalX=\dimen135
\tabucolX=\dimen136
\tabu@Xsum=\dimen137
\extrarowdepth=\dimen138
\abovetabulinesep=\dimen139
\belowtabulinesep=\dimen140
\tabustrutrule=\dimen141
\tabu@thebody=\toks24
\tabu@footnotes=\toks25
\tabu@box=\box32
\tabu@arstrutbox=\box33
\tabu@hleads=\box34
\tabu@vleads=\box35
\tabu@cellskip=\skip54
)
(/usr/share/texmf-texlive/tex/latex/booktabs/booktabs.sty
Package: booktabs 2005/04/14 v1.61803 publication quality tables
\heavyrulewidth=\dimen142
\lightrulewidth=\dimen143
\cmidrulewidth=\dimen144
\belowrulesep=\dimen145
\belowbottomsep=\dimen146
\aboverulesep=\dimen147
\abovetopsep=\dimen148
\cmidrulesep=\dimen149
\cmidrulekern=\dimen150
\defaultaddspace=\dimen151
\@cmidla=\count114
\@cmidlb=\count115
\@aboverulesep=\dimen152
\@belowrulesep=\dimen153
\@thisruleclass=\count116
\@lastruleclass=\count117
\@thisrulewidth=\dimen154
)
(/usr/share/texmf-texlive/tex/latex/tools/multicol.sty
Package: multicol 2008/12/05 v1.6h multicolumn formatting (FMi)
\c@tracingmulticols=\count118
\mult@box=\box36
\multicol@leftmargin=\dimen155
\c@unbalance=\count119
\c@collectmore=\count120
\doublecol@number=\count121
\multicoltolerance=\count122
\multicolpretolerance=\count123
\full@width=\dimen156
\page@free=\dimen157
\premulticols=\dimen158
\postmulticols=\dimen159
\multicolsep=\skip55
\multicolbaselineskip=\skip56
\partial@page=\box37
\last@line=\box38
\mult@rightbox=\box39
\mult@grightbox=\box40
\mult@gfirstbox=\box41
\mult@firstbox=\box42
\@tempa=\box43
\@tempa=\box44
\@tempa=\box45
\@tempa=\box46
\@tempa=\box47
\@tempa=\box48
\@tempa=\box49
\@tempa=\box50
\@tempa=\box51
\@tempa=\box52
\@tempa=\box53
\@tempa=\box54
\@tempa=\box55
\@tempa=\box56
\@tempa=\box57
\@tempa=\box58
\@tempa=\box59
\c@columnbadness=\count124
\c@finalcolumnbadness=\count125
\last@try=\dimen160
\multicolovershoot=\dimen161
\multicolundershoot=\dimen162
\mult@nat@firstbox=\box60
\colbreak@box=\box61
)
(/usr/share/texmf-texlive/tex/latex/hyperref/hyperref.sty
Package: hyperref 2009/10/09 v6.79a Hypertext links for LaTeX

(/usr/share/texmf-texlive/tex/generic/oberdiek/ifpdf.sty
Package: ifpdf 2009/04/10 v2.0 Provides the ifpdf switch (HO)
Package ifpdf Info: pdfTeX in pdf mode detected.
)
(/usr/share/texmf-texlive/tex/generic/oberdiek/ifvtex.sty
Package: ifvtex 2008/11/04 v1.4 Switches for detecting VTeX and its modes (HO)
Package ifvtex Info: VTeX not detected.
)
(/usr/share/texmf-texlive/tex/generic/ifxetex/ifxetex.sty
Package: ifxetex 2009/01/23 v0.5 Provides ifxetex conditional
)
(/usr/share/texmf-texlive/tex/latex/oberdiek/hycolor.sty
Package: hycolor 2009/10/02 v1.5 Code for color options of hyperref/bookmark (H
O)

(/usr/share/texmf-texlive/tex/latex/oberdiek/xcolor-patch.sty
Package: xcolor-patch 2009/10/02 xcolor patch
))
\@linkdim=\dimen163
\Hy@linkcounter=\count126
\Hy@pagecounter=\count127

(/usr/share/texmf-texlive/tex/latex/hyperref/pd1enc.def
File: pd1enc.def 2009/10/09 v6.79a Hyperref: PDFDocEncoding definition (HO)
)
(/usr/share/texmf-texlive/tex/generic/oberdiek/etexcmds.sty
Package: etexcmds 2007/12/12 v1.2 Prefix for e-TeX command names (HO)

(/usr/share/texmf-texlive/tex/generic/oberdiek/infwarerr.sty
Package: infwarerr 2007/09/09 v1.2 Providing info/warning/message (HO)
)
Package etexcmds Info: Could not find \expanded.
(etexcmds)             That can mean that you are not using pdfTeX 1.50 or
(etexcmds)             that some package has redefined \expanded.
(etexcmds)             In the latter case, load this package earlier.
)
(/usr/share/texmf-texlive/tex/latex/latexconfig/hyperref.cfg
File: hyperref.cfg 2002/06/06 v1.2 hyperref configuration of TeXLive
)
(/usr/share/texmf-texlive/tex/latex/oberdiek/kvoptions.sty
Package: kvoptions 2009/08/13 v3.4 Keyval support for LaTeX options (HO)

(/usr/share/texmf-texlive/tex/generic/oberdiek/kvsetkeys.sty
Package: kvsetkeys 2009/07/30 v1.5 Key value parser with default handler suppor
t (HO)
))
Package hyperref Info: Hyper figures OFF on input line 2975.
Package hyperref Info: Link nesting OFF on input line 2980.
Package hyperref Info: Hyper index ON on input line 2983.
Package hyperref Info: Plain pages OFF on input line 2990.
Package hyperref Info: Backreferencing OFF on input line 2995.

Implicit mode ON; LaTeX internals redefined
Package hyperref Info: Bookmarks ON on input line 3191.
(/usr/share/texmf-texlive/tex/latex/ltxmisc/url.sty
\Urlmuskip=\muskip11
Package: url 2006/04/12  ver 3.3  Verb mode for urls, etc.
)
LaTeX Info: Redefining \url on input line 3428.

(/usr/share/texmf-texlive/tex/generic/oberdiek/bitset.sty
Package: bitset 2007/09/28 v1.0 Data type bit set (HO)

(/usr/share/texmf-texlive/tex/generic/oberdiek/intcalc.sty
Package: intcalc 2007/09/27 v1.1 Expandable integer calculations (HO)
)
(/usr/share/texmf-texlive/tex/generic/oberdiek/bigintcalc.sty
Package: bigintcalc 2007/11/11 v1.1 Expandable big integer calculations (HO)

(/usr/share/texmf-texlive/tex/generic/oberdiek/pdftexcmds.sty
Package: pdftexcmds 2009/09/23 v0.6 LuaTeX support for pdfTeX utility functions
 (HO)

(/usr/share/texmf-texlive/tex/generic/oberdiek/ifluatex.sty
Package: ifluatex 2009/04/17 v1.2 Provides the ifluatex switch (HO)
Package ifluatex Info: LuaTeX not detected.
)
(/usr/share/texmf-texlive/tex/generic/oberdiek/ltxcmds.sty
Package: ltxcmds 2009/08/05 v1.0 Some LaTeX kernel commands for general use (HO
)
)
Package pdftexcmds Info: LuaTeX not detected.
Package pdftexcmds Info: \pdf@primitive is available.
Package pdftexcmds Info: \pdf@ifprimitive is available.
)))
\Fld@menulength=\count128
\Field@Width=\dimen164
\Fld@charsize=\dimen165
\Field@toks=\toks26
Package hyperref Info: Hyper figures OFF on input line 4377.
Package hyperref Info: Link nesting OFF on input line 4382.
Package hyperref Info: Hyper index ON on input line 4385.
Package hyperref Info: backreferencing OFF on input line 4392.
Package hyperref Info: Link coloring OFF on input line 4397.
Package hyperref Info: Link coloring with OCG OFF on input line 4402.
Package hyperref Info: PDF/A mode OFF on input line 4407.

(/usr/share/texmf-texlive/tex/generic/oberdiek/atbegshi.sty
Package: atbegshi 2008/07/31 v1.9 At begin shipout hook (HO)
)
\Hy@abspage=\count129
\c@Item=\count130
)
*hyperref using default driver hpdftex*
(/usr/share/texmf-texlive/tex/latex/hyperref/hpdftex.def
File: hpdftex.def 2009/10/09 v6.79a Hyperref driver for pdfTeX
\Fld@listcount=\count131
) (./lineno.sty
Package: lineno 2005/11/02 line numbers on paragraphs v4.41
\linenopenalty=\count132
\output=\toks27
\linenoprevgraf=\count133
\linenumbersep=\dimen166
\linenumberwidth=\dimen167
\c@linenumber=\count134
\c@pagewiselinenumber=\count135
\c@LN@truepage=\count136
\c@internallinenumber=\count137
\c@internallinenumbers=\count138
\quotelinenumbersep=\dimen168
\bframerule=\dimen169
\bframesep=\dimen170
\bframebox=\box62
LaTeX Info: Redefining \\ on input line 3056.
)
(./ArborPFACAN.aux)
\openout1 = `ArborPFACAN.aux'.

LaTeX Font Info:    Checking defaults for OML/cmm/m/it on input line 34.
LaTeX Font Info:    ... okay on input line 34.
LaTeX Font Info:    Checking defaults for T1/cmr/m/n on input line 34.
LaTeX Font Info:    ... okay on input line 34.
LaTeX Font Info:    Checking defaults for OT1/cmr/m/n on input line 34.
LaTeX Font Info:    ... okay on input line 34.
LaTeX Font Info:    Checking defaults for OMS/cmsy/m/n on input line 34.
LaTeX Font Info:    ... okay on input line 34.
LaTeX Font Info:    Checking defaults for OMX/cmex/m/n on input line 34.
LaTeX Font Info:    ... okay on input line 34.
LaTeX Font Info:    Checking defaults for U/cmr/m/n on input line 34.
LaTeX Font Info:    ... okay on input line 34.
LaTeX Font Info:    Checking defaults for PD1/pdf/m/n on input line 34.
LaTeX Font Info:    ... okay on input line 34.
Package caption Info: Begin \AtBeginDocument code.
Package caption Info: hyperref package is loaded.
Package caption Info: subfigure package is loaded.
Package caption Info: wrapfig package is loaded.
Package caption Info: End \AtBeginDocument code.
 (/usr/share/texmf-texlive/tex/context/base/supp-pdf.mkii
[Loading MPS to PDF converter (version 2006.09.02).]
\scratchcounter=\count139
\scratchdimen=\dimen171
\scratchbox=\box63
\nofMPsegments=\count140
\nofMParguments=\count141
\everyMPshowfont=\toks28
\MPscratchCnt=\count142
\MPscratchDim=\dimen172
\MPnumerator=\count143
\everyMPtoPDFconversion=\toks29
)
Package hyperref Info: Link coloring OFF on input line 34.
 (/usr/share/texmf-texlive/tex/latex/hyperref/nameref.sty
Package: nameref 2007/05/29 v2.31 Cross-referencing by name of section

(/usr/share/texmf-texlive/tex/latex/oberdiek/refcount.sty
Package: refcount 2008/08/11 v3.1 Data extraction from references (HO)
)
\c@section@level=\count144
)
LaTeX Info: Redefining \ref on input line 34.
LaTeX Info: Redefining \pageref on input line 34.
 (./ArborPFACAN.out) (./ArborPFACAN.out)
\@outlinefile=\write3
\openout3 = `ArborPFACAN.out'.

\AtBeginShipoutBox=\box64
 [1

{/var/lib/texmf/fonts/map/pdftex/updmap/pdftex.map}]
(./ArborPFACAN.toc)
\tf@toc=\write4
\openout4 = `ArborPFACAN.toc'.

pdfTeX warning (ext4): destination with the same identifier (name{page.1}) has 
been already used, duplicate ignored
<to be read again> 
                   \relax 
l.80 
      [1]
Overfull \hbox (15.71747pt too wide) in paragraph at lines 81--82
\OT1/cmr/m/n/12 trans-verse and lon-gi-tu-di-nal seg-men-ta-tion should be pro-
vided by the \OT1/cmr/m/it/12 elec-tro-mag-netic calorime-
 []

[2] <figs/ProtonDecay.png, id=121, 511.9125pt x 369.63094pt>
File: figs/ProtonDecay.png Graphic file (type png)

<use figs/ProtonDecay.png>
<figs/ArborSchema.png, id=122, 455.45157pt x 369.63094pt>
File: figs/ArborSchema.png Graphic file (type png)

<use figs/ArborSchema.png> [3 <./figs/ProtonDecay.png> <./figs/ArborSchema.png>
] <figs/SingleParticleSetup.pdf, id=136, 1021.8175pt x 794.97pt>
File: figs/SingleParticleSetup.pdf Graphic file (type pdf)

<use figs/SingleParticleSetup.pdf>
<plots/SingleParticle_Efficiency.pdf, id=140, 569.12625pt x 509.905pt>
File: plots/SingleParticle_Efficiency.pdf Graphic file (type pdf)

<use plots/SingleParticle_Efficiency.pdf>
<plots/SingleParticle_NPfos.pdf, id=141, 569.12625pt x 509.905pt>
File: plots/SingleParticle_NPfos.pdf Graphic file (type pdf)

<use plots/SingleParticle_NPfos.pdf>

LaTeX Warning: `!h' float specifier changed to `!ht'.

<plots/SingleParticle_NPfos_20GeV.pdf, id=142, 569.12625pt x 387.4475pt>
File: plots/SingleParticle_NPfos_20GeV.pdf Graphic file (type pdf)

<use plots/SingleParticle_NPfos_20GeV.pdf>
<plots/SingleParticle_NPfos_70GeV.pdf, id=143, 569.12625pt x 387.4475pt>
File: plots/SingleParticle_NPfos_70GeV.pdf Graphic file (type pdf)

<use plots/SingleParticle_NPfos_70GeV.pdf>

LaTeX Warning: `!h' float specifier changed to `!ht'.

[4 <./figs/SingleParticleSetup.pdf>]
<plots/SingleParticle_ERec.pdf, id=155, 569.12625pt x 635.37375pt>
File: plots/SingleParticle_ERec.pdf Graphic file (type pdf)

<use plots/SingleParticle_ERec.pdf>
<plots/SingleParticle_EResol.pdf, id=156, 569.12625pt x 509.905pt>
File: plots/SingleParticle_EResol.pdf Graphic file (type pdf)

<use plots/SingleParticle_EResol.pdf>

LaTeX Warning: `!h' float specifier changed to `!ht'.

[5 <./plots/SingleParticle_Efficiency.pdf, page is rotated 90 degrees> <./plots
/SingleParticle_NPfos.pdf, page is rotated 90 degrees> <./plots/SingleParticle_
NPfos_20GeV.pdf, page is rotated 90 degrees> <./plots/SingleParticle_NPfos_70Ge
V.pdf, page is rotated 90 degrees>] [6 <./plots/SingleParticle_ERec.pdf> <./plo
ts/SingleParticle_EResol.pdf, page is rotated 90 degrees>]
<plots/SingleParticle_10GeV.pdf, id=430, 569.12625pt x 387.4475pt>
File: plots/SingleParticle_10GeV.pdf Graphic file (type pdf)

<use plots/SingleParticle_10GeV.pdf>
<plots/OverlayEvent_OverlayCompare.pdf, id=431, 569.12625pt x 387.4475pt>
File: plots/OverlayEvent_OverlayCompare.pdf Graphic file (type pdf)

<use plots/OverlayEvent_OverlayCompare.pdf> [7 <./plots/SingleParticle_10GeV.pd
f, page is rotated 90 degrees> <./plots/OverlayEvent_OverlayCompare.pdf, page i
s rotated 90 degrees>]
<figs/ArborPFA_PandoraMonitoring_SDHCAL_Overlay_XY.pdf, id=529, 1108.14pt x 591
.20876pt>
File: figs/ArborPFA_PandoraMonitoring_SDHCAL_Overlay_XY.pdf Graphic file (type 
pdf)
 <use figs/ArborPFA_PandoraMonitoring_SDHCAL_Overlay_XY.pdf>
<figs/ArborPFA_PandoraMonitoring_SDHCAL_Overlay_XZ.pdf, id=530, 1108.14pt x 591
.20876pt>
File: figs/ArborPFA_PandoraMonitoring_SDHCAL_Overlay_XZ.pdf Graphic file (type 
pdf)
 <use figs/ArborPFA_PandoraMonitoring_SDHCAL_Overlay_XZ.pdf>
<figs/ArborPFA_PandoraMonitoring_SDHCAL_Overlay_YZ.pdf, id=531, 1108.14pt x 591
.20876pt>
File: figs/ArborPFA_PandoraMonitoring_SDHCAL_Overlay_YZ.pdf Graphic file (type 
pdf)
 <use figs/ArborPFA_PandoraMonitoring_SDHCAL_Overlay_YZ.pdf>
<plots/OverlayEvent_NPfos.pdf, id=532, 569.12625pt x 509.905pt>
File: plots/OverlayEvent_NPfos.pdf Graphic file (type pdf)

<use plots/OverlayEvent_NPfos.pdf>

LaTeX Warning: `!h' float specifier changed to `!ht'.

[8 <./figs/ArborPFA_PandoraMonitoring_SDHCAL_Overlay_XY.pdf> <./figs/ArborPFA_P
andoraMonitoring_SDHCAL_Overlay_XZ.pdf> <./figs/ArborPFA_PandoraMonitoring_SDHC
AL_Overlay_YZ.pdf>]
<plots/OverlayEvent_NeutralEfficiency.pdf, id=556, 569.12625pt x 509.905pt>
File: plots/OverlayEvent_NeutralEfficiency.pdf Graphic file (type pdf)

<use plots/OverlayEvent_NeutralEfficiency.pdf>
<plots/OverlayEvent_NeutralPurity.pdf, id=557, 569.12625pt x 509.905pt>
File: plots/OverlayEvent_NeutralPurity.pdf Graphic file (type pdf)

<use plots/OverlayEvent_NeutralPurity.pdf>

LaTeX Warning: `!h' float specifier changed to `!ht'.

[9 <./plots/OverlayEvent_NPfos.pdf, page is rotated 90 degrees>]
<plots/OverlayEvent_NeutralPercentage.pdf, id=610, 569.12625pt x 509.905pt>
File: plots/OverlayEvent_NeutralPercentage.pdf Graphic file (type pdf)

<use plots/OverlayEvent_NeutralPercentage.pdf>
<plots/OverlayEvent_NeutralEnergyDifferenceMeanNeutralEfficient.pdf, id=611, 56
9.12625pt x 509.905pt>
File: plots/OverlayEvent_NeutralEnergyDifferenceMeanNeutralEfficient.pdf Graphi
c file (type pdf)

<use plots/OverlayEvent_NeutralEnergyDifferenceMeanNeutralEfficient.pdf>

LaTeX Warning: `!h' float specifier changed to `!ht'.

[10 <./plots/OverlayEvent_NeutralEfficiency.pdf, page is rotated 90 degrees> <.
/plots/OverlayEvent_NeutralPurity.pdf, page is rotated 90 degrees>] [11 <./plot
s/OverlayEvent_NeutralPercentage.pdf, page is rotated 90 degrees> <./plots/Over
layEvent_NeutralEnergyDifferenceMeanNeutralEfficient.pdf, page is rotated 90 de
grees>]
Underfull \hbox (badness 6173) in paragraph at lines 313--314
[]\OT1/cmr/m/n/12 The Cal-ice Col-lab-o-ra-tion, \OT1/cmr/m/it/12 Con-struc-tio
n and com-mis-sion-ing of a tech-no-
 []


Underfull \hbox (badness 10000) in paragraph at lines 313--314
\OT1/cmr/m/it/12 log-i-cal pro-to-type of a high-granularity semi-digital hadro
nic calorime-ter\OT1/cmr/m/n/12 ,
 []

[12] [13] [14

] <figs/ObjectCreation.pdf, id=829, 370.38374pt x 142.5325pt>
File: figs/ObjectCreation.pdf Graphic file (type pdf)

<use figs/ObjectCreation.pdf>
<figs/ConnectorSeeding1.pdf, id=831, 853.1875pt x 711.65875pt>
File: figs/ConnectorSeeding1.pdf Graphic file (type pdf)

<use figs/ConnectorSeeding1.pdf>
<figs/ConnectorCleaning1.pdf, id=833, 853.1875pt x 711.65875pt>
File: figs/ConnectorCleaning1.pdf Graphic file (type pdf)

<use figs/ConnectorCleaning1.pdf>

LaTeX Warning: `!h' float specifier changed to `!ht'.

[15 <./figs/ObjectCreation.pdf>]
LaTeX Font Info:    Try loading font information for OMS+cmr on input line 412.


(/usr/share/texmf-texlive/tex/latex/base/omscmr.fd
File: omscmr.fd 1999/05/25 v2.5h Standard LaTeX font definitions
)
LaTeX Font Info:    Font shape `OMS/cmr/m/n' in size <12> not available
(Font)              Font shape `OMS/cmsy/m/n' tried instead on input line 412.
 [16 <./figs/ConnectorSeeding1.pdf> <./figs/ConnectorCleaning1.pdf>]
<figs/ConnectorAlignment.pdf, id=870, 284.06125pt x 284.06125pt>
File: figs/ConnectorAlignment.pdf Graphic file (type pdf)

<use figs/ConnectorAlignment.pdf>
<figs/ConnectorCleaning2.pdf, id=872, 853.1875pt x 711.65875pt>
File: figs/ConnectorCleaning2.pdf Graphic file (type pdf)

<use figs/ConnectorCleaning2.pdf> [17 <./figs/ConnectorAlignment.pdf> <./figs/C
onnectorCleaning2.pdf>] [18]
<figs/EnergyDrivenTrackClusterAssociation.pdf, id=911, 853.1875pt x 711.65875pt
>
File: figs/EnergyDrivenTrackClusterAssociation.pdf Graphic file (type pdf)
 <use figs/EnergyDrivenTrackClusterAssociation.pdf>

Package caption Warning: The option `hypcap=true' will be ignored for this
(caption)                particular \caption on input line 471.
See the caption package documentation for explanation.

<figs/NeutralTreeMerging.pdf, id=913, 108.405pt x 113.42375pt>
File: figs/NeutralTreeMerging.pdf Graphic file (type pdf)

<use figs/NeutralTreeMerging.pdf>

Package caption Warning: The option `hypcap=true' will be ignored for this
(caption)                particular \caption on input line 478.
See the caption package documentation for explanation.


Underfull \hbox (badness 10000) in paragraph at lines 467--482

 []

[19 <./figs/EnergyDrivenTrackClusterAssociation.pdf> <./figs/NeutralTreeMerging
.pdf>] <figs/PfoCreation.pdf, id=935, 201.75375pt x 187.70125pt>
File: figs/PfoCreation.pdf Graphic file (type pdf)

<use figs/PfoCreation.pdf>

LaTeX Warning: `!h' float specifier changed to `!ht'.

[20] [21 <./figs/PfoCreation.pdf>] [22] [23] [24] [25] [26] [27]
(./ArborPFACAN.aux) ) 
Here is how much of TeX's memory you used:
 7332 strings out of 495061
 109942 string characters out of 1182621
 193223 words of memory out of 3000000
 10245 multiletter control sequences out of 15000+50000
 11917 words of font info for 43 fonts, out of 3000000 for 9000
 28 hyphenation exceptions out of 8191
 38i,12n,38p,1246b,444s stack positions out of 5000i,500n,10000p,200000b,50000s
</usr/share/texmf-texlive/fonts/type1/public/amsfonts/cm/c
mbx10.pfb></usr/share/texmf-texlive/fonts/type1/public/amsfonts/cm/cmbx12.pfb><
/usr/share/texmf-texlive/fonts/type1/public/amsfonts/cm/cmex10.pfb></usr/share/
texmf-texlive/fonts/type1/public/amsfonts/cm/cmmi12.pfb></usr/share/texmf-texli
ve/fonts/type1/public/amsfonts/cm/cmmi6.pfb></usr/share/texmf-texlive/fonts/typ
e1/public/amsfonts/cm/cmmi7.pfb></usr/share/texmf-texlive/fonts/type1/public/am
sfonts/cm/cmmi8.pfb></usr/share/texmf-texlive/fonts/type1/public/amsfonts/cm/cm
r10.pfb></usr/share/texmf-texlive/fonts/type1/public/amsfonts/cm/cmr12.pfb></us
r/share/texmf-texlive/fonts/type1/public/amsfonts/cm/cmr17.pfb></usr/share/texm
f-texlive/fonts/type1/public/amsfonts/cm/cmr6.pfb></usr/share/texmf-texlive/fon
ts/type1/public/amsfonts/cm/cmr7.pfb></usr/share/texmf-texlive/fonts/type1/publ
ic/amsfonts/cm/cmr8.pfb></usr/share/texmf-texlive/fonts/type1/public/amsfonts/c
m/cmsl12.pfb></usr/share/texmf-texlive/fonts/type1/public/amsfonts/cm/cmsy10.pf
b></usr/share/texmf-texlive/fonts/type1/public/amsfonts/cm/cmsy8.pfb></usr/shar
e/texmf-texlive/fonts/type1/public/amsfonts/cm/cmti10.pfb></usr/share/texmf-tex
live/fonts/type1/public/amsfonts/cm/cmti12.pfb></usr/share/texmf-texlive/fonts/
type1/public/amsfonts/cm/cmtt10.pfb></usr/share/texmf-texlive/fonts/type1/publi
c/amsfonts/cm/cmtt12.pfb>
Output written on ArborPFACAN.pdf (28 pages, 987778 bytes).
PDF statistics:
 1105 PDF objects out of 1200 (max. 8388607)
 135 named destinations out of 1000 (max. 500000)
 256 words of extra memory for PDF output out of 10000 (max. 10000000)

