\BOOKMARK [0][-]{chapter.1}{Le contexte th\351orique}{}% 1
\BOOKMARK [1][-]{section.1.1}{Le mod\350le standard}{chapter.1}% 2
\BOOKMARK [2][-]{subsection.1.1.1}{Les leptons}{section.1.1}% 3
\BOOKMARK [2][-]{subsection.1.1.2}{Les quarks}{section.1.1}% 4
\BOOKMARK [2][-]{subsection.1.1.3}{Les bosons vecteurs et les interactions du mod\350le standard}{section.1.1}% 5
\BOOKMARK [1][-]{section.1.2}{Le m\351canisme de Higgs}{chapter.1}% 6
\BOOKMARK [1][-]{section.1.3}{Au-del\340 du mod\350le standard}{chapter.1}% 7
\BOOKMARK [0][-]{chapter.2}{Le Collisionneur Lin\351aire International}{}% 8
\BOOKMARK [1][-]{section.2.1}{Les motivations d'un collisionneur leptonique}{chapter.2}% 9
\BOOKMARK [1][-]{section.2.2}{Le Collisionneur Lin\351aire International}{chapter.2}% 10
\BOOKMARK [2][-]{subsection.2.2.1}{Le complexe d'acc\351l\351rateurs de l'ILC}{section.2.2}% 11
\BOOKMARK [2][-]{subsection.2.2.2}{Les d\351tecteurs de l'ILC}{section.2.2}% 12
\BOOKMARK [2][-]{subsection.2.2.3}{Le Grand D\351tecteur International ILD}{section.2.2}% 13
\BOOKMARK [2][-]{subsection.2.2.4}{Le D\351tecteur au Silicium SiD}{section.2.2}% 14
\BOOKMARK [1][-]{section.2.3}{Le programme de physique de l'ILC}{chapter.2}% 15
\BOOKMARK [1][-]{section.2.4}{Les autres concepts de collisionneur leptonique}{chapter.2}% 16
\BOOKMARK [0][-]{chapter.3}{Les gerbes hadroniques et \351lectromagn\351tiques}{}% 17
\BOOKMARK [1][-]{section.3.1}{Interactions des particules avec la mati\350re}{chapter.3}% 18
\BOOKMARK [2][-]{subsection.3.1.1}{Interactions des particules charg\351es}{section.3.1}% 19
\BOOKMARK [2][-]{subsection.3.1.2}{Interactions des photons}{section.3.1}% 20
\BOOKMARK [2][-]{subsection.3.1.3}{Interactions des hadrons}{section.3.1}% 21
\BOOKMARK [2][-]{subsection.3.1.4}{Interactions des neutrons}{section.3.1}% 22
\BOOKMARK [1][-]{section.3.2}{Gerbes \351lectromagn\351tiques}{chapter.3}% 23
\BOOKMARK [2][-]{subsection.3.2.1}{Cascades \351lectromagn\351tiques}{section.3.2}% 24
\BOOKMARK [2][-]{subsection.3.2.2}{Longueur de radiation}{section.3.2}% 25
\BOOKMARK [2][-]{subsection.3.2.3}{Le rayon de Moli\350re}{section.3.2}% 26
\BOOKMARK [2][-]{subsection.3.2.4}{Profils des gerbes \351lectromagn\351tiques}{section.3.2}% 27
\BOOKMARK [1][-]{section.3.3}{Gerbes hadroniques}{chapter.3}% 28
\BOOKMARK [2][-]{subsection.3.3.1}{D\351veloppement d'une cascade hadronique}{section.3.3}% 29
\BOOKMARK [2][-]{subsection.3.3.2}{Fraction \351lectromagn\351tique}{section.3.3}% 30
\BOOKMARK [2][-]{subsection.3.3.3}{Longueur d'interaction}{section.3.3}% 31
\BOOKMARK [2][-]{subsection.3.3.4}{Profils des gerbes hadroniques}{section.3.3}% 32
\BOOKMARK [0][-]{chapter.4}{Le prototype de calorim\350tre \340 lecture semi-digitale}{}% 33
\BOOKMARK [1][-]{section.4.1}{Les calorim\350tres en physique des particules}{chapter.4}% 34
\BOOKMARK [2][-]{subsection.4.1.1}{Calorim\350tres \351lectromagn\351tiques}{section.4.1}% 35
\BOOKMARK [2][-]{subsection.4.1.2}{Calorim\350tres hadroniques}{section.4.1}% 36
\BOOKMARK [1][-]{section.4.2}{Le calorim\350tre \340 lecture semi-digitale SDHCAL}{chapter.4}% 37
\BOOKMARK [1][-]{section.4.3}{Les chambres \340 plaques r\351sistives de verre}{chapter.4}% 38
\BOOKMARK [2][-]{subsection.4.3.1}{Description des GRPC utilis\351es dans le SDHCAL}{section.4.3}% 39
\BOOKMARK [2][-]{subsection.4.3.2}{Alimentation puls\351e}{section.4.3}% 40
\BOOKMARK [2][-]{subsection.4.3.3}{Description d'un cycle d'acquisition}{section.4.3}% 41
\BOOKMARK [2][-]{subsection.4.3.4}{Le r\351glage des seuils}{section.4.3}% 42
\BOOKMARK [2][-]{subsection.4.3.5}{Le fonctionnement d'une GRPC}{section.4.3}% 43
\BOOKMARK [2][-]{subsection.4.3.6}{Correction des gains}{section.4.3}% 44
\BOOKMARK [1][-]{section.4.4}{Reconstruction de l'\351nergie dans le SDHCAL}{chapter.4}% 45
\BOOKMARK [2][-]{subsection.4.4.1}{Reconstruction des \351v\351nements}{section.4.4}% 46
\BOOKMARK [2][-]{subsection.4.4.2}{Performance du SDHCAL}{section.4.4}% 47
\BOOKMARK [2][-]{subsection.4.4.3}{S\351lection des gerbes hadroniques}{section.4.4}% 48
\BOOKMARK [2][-]{subsection.4.4.4}{Calibration en fonction du temps}{section.4.4}% 49
\BOOKMARK [2][-]{subsection.4.4.5}{Reconstruction de l'\351nergie des pions}{section.4.4}% 50
\BOOKMARK [1][-]{section.a.4.A}{Annexe: Fonction Crystal Ball}{chapter.4}% 51
\BOOKMARK [0][-]{chapter.5}{Simulation du SDHCAL}{}% 52
\BOOKMARK [1][-]{section.5.1}{Les mod\350les de simulation des gerbes hadroniques}{chapter.5}% 53
\BOOKMARK [2][-]{subsection.5.1.1}{Mod\350les de cordes partoniques}{section.5.1}% 54
\BOOKMARK [2][-]{subsection.5.1.2}{Les mod\350les de cascade intranucl\351aire}{section.5.1}% 55
\BOOKMARK [2][-]{subsection.5.1.3}{Les listes physiques}{section.5.1}% 56
\BOOKMARK [1][-]{section.5.2}{La simulation du prototype}{chapter.5}% 57
\BOOKMARK [1][-]{section.5.3}{Mod\351lisation de la r\351ponse des GRPC aux particules charg\351es}{chapter.5}% 58
\BOOKMARK [2][-]{subsection.5.3.1}{Algorithme SimDigital}{section.5.3}% 59
\BOOKMARK [2][-]{subsection.5.3.2}{Param\351trage de l'algorithme}{section.5.3}% 60
\BOOKMARK [2][-]{subsection.5.3.3}{R\351sultats}{section.5.3}% 61
\BOOKMARK [1][-]{section.5.4}{Conclusion}{chapter.5}% 62
\BOOKMARK [0][-]{chapter.6}{Topologie des gerbes hadroniques}{}% 63
\BOOKMARK [1][-]{section.6.1}{Les amas de hits}{chapter.6}% 64
\BOOKMARK [1][-]{section.6.2}{Les profils des gerbes hadroniques}{chapter.6}% 65
\BOOKMARK [2][-]{subsection.6.2.1}{Profil longitudinal}{section.6.2}% 66
\BOOKMARK [2][-]{subsection.6.2.2}{Profil lat\351ral}{section.6.2}% 67
\BOOKMARK [1][-]{section.6.3}{Reconstruction des traces dans le SDHCAL}{chapter.6}% 68
\BOOKMARK [2][-]{subsection.6.3.1}{La m\351thode de Transform\351e de Hough}{section.6.3}% 69
\BOOKMARK [2][-]{subsection.6.3.2}{Transform\351e de Hough dans le SDHCAL}{section.6.3}% 70
\BOOKMARK [2][-]{subsection.6.3.3}{Performance de la Transform\351e de Hough}{section.6.3}% 71
\BOOKMARK [2][-]{subsection.6.3.4}{\311tude des mod\350les de simulation des gerbes hadroniques}{section.6.3}% 72
\BOOKMARK [2][-]{subsection.6.3.5}{Conclusion}{section.6.3}% 73
\BOOKMARK [1][-]{section.6.4}{Conclusion}{chapter.6}% 74
\BOOKMARK [1][-]{section.b.6.A}{Annexe: Profil lat\351ral}{chapter.6}% 75
\BOOKMARK [0][-]{chapter.7}{Reconstruction de la masse des bosons W et Z dans l'ILD}{}% 76
\BOOKMARK [1][-]{section.7.1}{Introduction}{chapter.7}% 77
\BOOKMARK [1][-]{section.7.2}{Identification et s\351paration des d\351p\364ts \351lectromagn\351tiques et hadroniques dans l'ILD}{chapter.7}% 78
\BOOKMARK [1][-]{section.7.3}{Reconstruction de l'\351nergie des jets avec le SDHCAL}{chapter.7}% 79
\BOOKMARK [2][-]{subsection.7.3.1}{Simulation du SDHCAL dans l'ILD}{section.7.3}% 80
\BOOKMARK [2][-]{subsection.7.3.2}{Energie reconstruite des jets}{section.7.3}% 81
\BOOKMARK [1][-]{section.7.4}{Reconstruction des \351v\351nements WW et ZZ}{chapter.7}% 82
\BOOKMARK [1][-]{section.7.5}{Conclusion}{chapter.7}% 83
\BOOKMARK [0][-]{chapter*.147}{Bibliographie}{}% 84
